app/build/intermediates/manifest_merge_blame_file/standardRelease/manifest-merger-blame-standard-release-report.txt
1<?xml version="1.0" encoding="utf-8"?>
2<manifest xmlns:android="http://schemas.android.com/apk/res/android"
3    package="com.argonaut.sjrm"
4    android:versionCode="13701"
5    android:versionName="1.3.7" >
6
7    <uses-sdk
8        android:minSdkVersion="16"
8-->src\main\AndroidManifest.xml
9        android:targetSdkVersion="29" />
9-->src\main\AndroidManifest.xml
10
11    <permission
11-->src\main\AndroidManifest.xml:6:5-8:44
12        android:name="com.argonaut.sjrm.permission.CANCEL_WORKER"
12-->src\main\AndroidManifest.xml:7:9-66
13        android:protectionLevel="normal" />
13-->src\main\AndroidManifest.xml:8:9-41
14
15    <uses-permission android:name="com.argonaut.sjrm.permission.CANCEL_WORKER" />
15-->src\main\AndroidManifest.xml:10:5-82
15-->src\main\AndroidManifest.xml:10:22-79
16    <uses-permission android:name="android.permission.READ_EXTERNAL_STORAGE" />
16-->src\main\AndroidManifest.xml:11:5-80
16-->src\main\AndroidManifest.xml:11:22-77
17    <uses-permission android:name="android.permission.WRITE_EXTERNAL_STORAGE" />
17-->src\main\AndroidManifest.xml:12:5-81
17-->src\main\AndroidManifest.xml:12:22-78
18    <uses-permission android:name="android.permission.INTERNET" />
18-->src\main\AndroidManifest.xml:13:5-67
18-->src\main\AndroidManifest.xml:13:22-64
19    <uses-permission android:name="android.permission.ACCESS_NETWORK_STATE" />
19-->src\main\AndroidManifest.xml:14:5-79
19-->src\main\AndroidManifest.xml:14:22-76
20    <uses-permission android:name="android.permission.WAKE_LOCK" />
20-->src\main\AndroidManifest.xml:15:5-68
20-->src\main\AndroidManifest.xml:15:22-65
21    <uses-permission android:name="com.android.vending.BILLING" />
21-->src\main\AndroidManifest.xml:16:5-67
21-->src\main\AndroidManifest.xml:16:22-64
22    <uses-permission android:name="android.permission.BLUETOOTH" />
22-->src\main\AndroidManifest.xml:17:5-68
22-->src\main\AndroidManifest.xml:17:22-65
23    <uses-permission android:name="com.android.vending.CHECK_LICENSE" />
23-->[com.github.javiersantos:PiracyChecker:1.2.5] AndroidManifest.xml:11:5-73
23-->[com.github.javiersantos:PiracyChecker:1.2.5] AndroidManifest.xml:11:22-70
24    <uses-permission android:name="com.google.android.finsky.permission.BIND_GET_INSTALL_REFERRER_SERVICE" />
24-->[com.google.android.gms:play-services-measurement:18.0.2] AndroidManifest.xml:26:5-110
24-->[com.google.android.gms:play-services-measurement:18.0.2] AndroidManifest.xml:26:22-107
25    <uses-permission android:name="android.permission.RECEIVE_BOOT_COMPLETED" />
25-->[androidx.work:work-runtime:2.0.0] AndroidManifest.xml:25:5-81
25-->[androidx.work:work-runtime:2.0.0] AndroidManifest.xml:25:22-78
26    <uses-permission android:name="android.permission.ACCESS_WIFI_STATE" />
26-->[com.startapp:inapp-sdk:4.8.4] AndroidManifest.xml:12:5-76
26-->[com.startapp:inapp-sdk:4.8.4] AndroidManifest.xml:12:22-73
27
28    <queries>
28-->[com.startapp:inapp-sdk:4.8.4] AndroidManifest.xml:17:5-21:15
29        <intent>
29-->[com.startapp:inapp-sdk:4.8.4] AndroidManifest.xml:18:9-20:18
30            <action android:name="android.intent.action.MAIN" />
30-->src\main\AndroidManifest.xml:69:17-69
30-->src\main\AndroidManifest.xml:69:25-66
31        </intent>
32    </queries>
33
34    <application
34-->src\main\AndroidManifest.xml:19:5-256:19
35        android:name="com.argonaut.sjrm.MainApplication"
35-->src\main\AndroidManifest.xml:20:9-40
36        android:allowBackup="false"
36-->src\main\AndroidManifest.xml:21:9-36
37        android:appComponentFactory="androidx.core.app.CoreComponentFactory"
37-->[androidx.core:core:1.3.0] AndroidManifest.xml:24:18-86
38        android:fullBackupContent="false"
38-->src\main\AndroidManifest.xml:22:9-42
39        android:icon="@mipmap/ic_launcher"
39-->src\main\AndroidManifest.xml:23:9-43
40        android:label="@string/appName"
40-->src\main\AndroidManifest.xml:24:9-40
41        android:largeHeap="true"
41-->src\main\AndroidManifest.xml:25:9-33
42        android:requestLegacyExternalStorage="true"
42-->src\main\AndroidManifest.xml:26:9-52
43        android:roundIcon="@mipmap/ic_launcher_round"
43-->src\main\AndroidManifest.xml:27:9-54
44        android:supportsRtl="false"
44-->src\main\AndroidManifest.xml:28:9-36
45        android:theme="@style/AppTheme.NoActionBar" >
45-->src\main\AndroidManifest.xml:29:9-52
46        <meta-data
46-->src\main\AndroidManifest.xml:33:9-35:41
47            android:name="com.startapp.sdk.APPLICATION_ID"
47-->src\main\AndroidManifest.xml:34:13-59
48            android:value="202056284" />
48-->src\main\AndroidManifest.xml:35:13-38
49        <meta-data
49-->src\main\AndroidManifest.xml:36:9-38:37
50            android:name="com.startapp.sdk.RETURN_ADS_ENABLED"
50-->src\main\AndroidManifest.xml:37:13-63
51            android:value="false" />
51-->src\main\AndroidManifest.xml:38:13-34
52        <meta-data
53            android:name="com.crashlytics.ApiKey"
53-->src\main\AndroidManifest.xml:44:13-50
54            android:value="$CRASHLYTICS_API_KEY" />
54-->src\main\AndroidManifest.xml:45:13-49
55        <meta-data
56            android:name="com.google.android.gms.ads.APPLICATION_ID"
56-->src\main\AndroidManifest.xml:47:13-69
57            android:value="ca-app-pub-3940256099942544~3347511713" />
57-->src\main\AndroidManifest.xml:48:13-42
58
59        <provider
60            android:name="androidx.core.content.FileProvider"
60-->src\main\AndroidManifest.xml:51:13-62
61            android:authorities="com.argonaut.sjrm.provider"
61-->src\main\AndroidManifest.xml:52:13-60
62            android:exported="false"
62-->src\main\AndroidManifest.xml:53:13-37
63            android:grantUriPermissions="true" >
63-->src\main\AndroidManifest.xml:54:13-47
64            <meta-data
64-->src\main\AndroidManifest.xml:55:13-57:63
65                android:name="android.support.FILE_PROVIDER_PATHS"
65-->src\main\AndroidManifest.xml:56:17-67
66                android:resource="@xml/file_provider_paths" />
66-->src\main\AndroidManifest.xml:57:17-60
67        </provider>
68
69        <receiver
69-->src\main\AndroidManifest.xml:60:9-62:79
70            android:name="com.argonaut.sjrm.receivers.DecompilerActionReceiver"
70-->src\main\AndroidManifest.xml:61:13-63
71            android:permission="com.argonaut.sjrm.permission.CANCEL_WORKER" />
71-->src\main\AndroidManifest.xml:62:13-76
72
73        <activity
73-->src\main\AndroidManifest.xml:64:9-73:20
74            android:name="com.argonaut.sjrm.activities.landing.LandingActivity"
74-->src\main\AndroidManifest.xml:65:13-63
75            android:label="@string/appName"
75-->src\main\AndroidManifest.xml:66:13-44
76            android:theme="@style/AppTheme.WithDrawer" >
76-->src\main\AndroidManifest.xml:67:13-55
77            <intent-filter>
77-->src\main\AndroidManifest.xml:68:13-72:29
78                <action android:name="android.intent.action.MAIN" />
78-->src\main\AndroidManifest.xml:69:17-69
78-->src\main\AndroidManifest.xml:69:25-66
79
80                <category android:name="android.intent.category.LAUNCHER" />
80-->src\main\AndroidManifest.xml:71:17-77
80-->src\main\AndroidManifest.xml:71:27-74
81            </intent-filter>
82        </activity>
83        <activity
83-->src\main\AndroidManifest.xml:74:9-83:20
84            android:name="com.argonaut.sjrm.activities.apps.AppsActivity"
84-->src\main\AndroidManifest.xml:75:13-57
85            android:label="@string/appName"
85-->src\main\AndroidManifest.xml:76:13-44
86            android:launchMode="singleTask"
86-->src\main\AndroidManifest.xml:77:13-44
87            android:theme="@style/AppTheme.WithTransition"
87-->src\main\AndroidManifest.xml:78:13-59
88            android:windowSoftInputMode="stateHidden" >
88-->src\main\AndroidManifest.xml:79:13-54
89            <meta-data
89-->src\main\AndroidManifest.xml:80:13-82:54
90                android:name="android.app.searchable"
90-->src\main\AndroidManifest.xml:81:17-54
91                android:resource="@xml/searchable" />
91-->src\main\AndroidManifest.xml:82:17-51
92        </activity>
93        <activity
93-->src\main\AndroidManifest.xml:84:9-90:20
94            android:name="com.argonaut.sjrm.activities.decompiler.DecompilerProcessActivity"
94-->src\main\AndroidManifest.xml:85:13-76
95            android:theme="@style/AppTheme.WithTransition" >
95-->src\main\AndroidManifest.xml:86:13-59
96            <meta-data
96-->src\main\AndroidManifest.xml:87:13-89:82
97                android:name="android.support.PARENT_ACTIVITY"
97-->src\main\AndroidManifest.xml:88:17-63
98                android:value="com.argonaut.sjrm.activities.apps.AppsActivity" />
98-->src\main\AndroidManifest.xml:89:17-79
99        </activity>
100        <activity android:name="com.argonaut.sjrm.activities.decompiler.LowMemoryActivity" >
100-->src\main\AndroidManifest.xml:91:9-95:20
100-->src\main\AndroidManifest.xml:91:19-74
101            <meta-data
101-->src\main\AndroidManifest.xml:87:13-89:82
102                android:name="android.support.PARENT_ACTIVITY"
102-->src\main\AndroidManifest.xml:88:17-63
103                android:value="com.argonaut.sjrm.activities.apps.AppsActivity" />
103-->src\main\AndroidManifest.xml:89:17-79
104        </activity>
105        <activity
105-->src\main\AndroidManifest.xml:96:9-98:56
106            android:name="com.argonaut.sjrm.activities.explorer.viewer.CodeViewerActivity"
106-->src\main\AndroidManifest.xml:97:13-74
107            android:theme="@style/SourceViewerTheme" />
107-->src\main\AndroidManifest.xml:98:13-53
108        <activity android:name="com.argonaut.sjrm.activities.explorer.navigator.NavigatorActivity" >
108-->src\main\AndroidManifest.xml:99:9-103:20
108-->src\main\AndroidManifest.xml:99:19-82
109            <meta-data
109-->src\main\AndroidManifest.xml:87:13-89:82
110                android:name="android.support.PARENT_ACTIVITY"
110-->src\main\AndroidManifest.xml:88:17-63
111                android:value="com.argonaut.sjrm.activities.landing.LandingActivity" />
111-->src\main\AndroidManifest.xml:89:17-79
112        </activity>
113        <activity
113-->src\main\AndroidManifest.xml:104:9-106:56
114            android:name="com.argonaut.sjrm.activities.explorer.viewer.ImageViewerActivity"
114-->src\main\AndroidManifest.xml:105:13-75
115            android:theme="@style/SourceViewerTheme" />
115-->src\main\AndroidManifest.xml:106:13-53
116        <activity android:name="com.argonaut.sjrm.activities.about.AboutActivity" >
116-->src\main\AndroidManifest.xml:107:9-111:20
116-->src\main\AndroidManifest.xml:107:19-65
117            <meta-data
117-->src\main\AndroidManifest.xml:87:13-89:82
118                android:name="android.support.PARENT_ACTIVITY"
118-->src\main\AndroidManifest.xml:88:17-63
119                android:value="com.argonaut.sjrm.activities.landing.LandingActivity" />
119-->src\main\AndroidManifest.xml:89:17-79
120        </activity>
121        <activity android:name="com.argonaut.sjrm.activities.purchase.PurchaseActivity" >
121-->src\main\AndroidManifest.xml:112:9-116:20
121-->src\main\AndroidManifest.xml:112:19-71
122            <meta-data
122-->src\main\AndroidManifest.xml:87:13-89:82
123                android:name="android.support.PARENT_ACTIVITY"
123-->src\main\AndroidManifest.xml:88:17-63
124                android:value="com.argonaut.sjrm.activities.landing.LandingActivity" />
124-->src\main\AndroidManifest.xml:89:17-79
125        </activity>
126        <activity android:name="com.argonaut.sjrm.activities.settings.SettingsActivity" >
126-->src\main\AndroidManifest.xml:117:9-121:20
126-->src\main\AndroidManifest.xml:117:19-71
127            <meta-data
127-->src\main\AndroidManifest.xml:87:13-89:82
128                android:name="android.support.PARENT_ACTIVITY"
128-->src\main\AndroidManifest.xml:88:17-63
129                android:value="com.argonaut.sjrm.activities.landing.LandingActivity" />
129-->src\main\AndroidManifest.xml:89:17-79
130        </activity>
131        <activity
131-->src\main\AndroidManifest.xml:122:9-128:20
132            android:name="com.google.android.gms.oss.licenses.OssLicensesMenuActivity"
132-->src\main\AndroidManifest.xml:123:13-87
133            android:label="@string/oss_license_title"
133-->[com.google.android.gms:play-services-oss-licenses:17.0.0] AndroidManifest.xml:25:13-54
134            android:theme="@style/AppTheme" >
134-->src\main\AndroidManifest.xml:124:13-44
135            <meta-data
135-->src\main\AndroidManifest.xml:87:13-89:82
136                android:name="android.support.PARENT_ACTIVITY"
136-->src\main\AndroidManifest.xml:88:17-63
137                android:value="com.argonaut.sjrm.activities.about.AboutActivity" />
137-->src\main\AndroidManifest.xml:89:17-79
138        </activity>
139        <activity
139-->src\main\AndroidManifest.xml:129:9-255:20
140            android:name="com.argonaut.sjrm.activities.decompiler.DecompilerActivity"
140-->src\main\AndroidManifest.xml:130:13-69
141            android:label="@string/appName"
141-->src\main\AndroidManifest.xml:131:13-44
142            android:theme="@style/AppTheme.WithTransition" >
142-->src\main\AndroidManifest.xml:132:13-59
143            <meta-data
143-->src\main\AndroidManifest.xml:87:13-89:82
144                android:name="android.support.PARENT_ACTIVITY"
144-->src\main\AndroidManifest.xml:88:17-63
145                android:value="com.argonaut.sjrm.activities.apps.AppsActivity" />
145-->src\main\AndroidManifest.xml:89:17-79
146
147            <intent-filter
147-->src\main\AndroidManifest.xml:137:13-147:29
148                android:icon="@mipmap/ic_launcher_round"
148-->src\main\AndroidManifest.xml:138:17-57
149                android:label="@string/appName"
149-->src\main\AndroidManifest.xml:139:17-48
150                android:priority="10" >
150-->src\main\AndroidManifest.xml:140:17-38
151                <action android:name="android.intent.action.VIEW" />
151-->src\main\AndroidManifest.xml:141:17-69
151-->src\main\AndroidManifest.xml:141:25-66
152
153                <category android:name="android.intent.category.DEFAULT" />
153-->src\main\AndroidManifest.xml:143:17-76
153-->src\main\AndroidManifest.xml:143:27-73
154
155                <data android:scheme="file" />
155-->src\main\AndroidManifest.xml:145:17-47
155-->src\main\AndroidManifest.xml:145:23-44
156                <data android:mimeType="application/vnd.android.package-archive" />
156-->src\main\AndroidManifest.xml:145:17-47
156-->src\main\AndroidManifest.xml:146:23-81
157            </intent-filter>
158            <intent-filter
158-->src\main\AndroidManifest.xml:148:13-158:29
159                android:icon="@mipmap/ic_launcher_round"
159-->src\main\AndroidManifest.xml:149:17-57
160                android:label="@string/appName"
160-->src\main\AndroidManifest.xml:150:17-48
161                android:priority="20" >
161-->src\main\AndroidManifest.xml:151:17-38
162                <action android:name="android.intent.action.VIEW" />
162-->src\main\AndroidManifest.xml:141:17-69
162-->src\main\AndroidManifest.xml:141:25-66
163
164                <category android:name="android.intent.category.DEFAULT" />
164-->src\main\AndroidManifest.xml:143:17-76
164-->src\main\AndroidManifest.xml:143:27-73
165
166                <data android:scheme="file" />
166-->src\main\AndroidManifest.xml:145:17-47
166-->src\main\AndroidManifest.xml:145:23-44
167                <data android:mimeType="application/java-archive" />
167-->src\main\AndroidManifest.xml:145:17-47
167-->src\main\AndroidManifest.xml:146:23-81
168            </intent-filter>
169
170            <!--
171                 Capture file open requests (pathPattern is honoured) where no
172                 MIME type is provided in the Intent.  An Intent with a null
173                 MIME type will never be matched by a filter with a set MIME
174                 type, so we need a second intent-filter if we wish to also
175                 match files with this extension and a non-null MIME type
176                 (even if it is non-null but zero length).
177            -->
178            <intent-filter
178-->src\main\AndroidManifest.xml:168:13-205:29
179                android:icon="@mipmap/ic_launcher_round"
179-->src\main\AndroidManifest.xml:169:17-57
180                android:label="@string/appName"
180-->src\main\AndroidManifest.xml:170:17-48
181                android:priority="30" >
181-->src\main\AndroidManifest.xml:171:17-38
182                <action android:name="android.intent.action.VIEW" />
182-->src\main\AndroidManifest.xml:141:17-69
182-->src\main\AndroidManifest.xml:141:25-66
183
184                <category android:name="android.intent.category.DEFAULT" />
184-->src\main\AndroidManifest.xml:143:17-76
184-->src\main\AndroidManifest.xml:143:27-73
185
186                <data android:scheme="file" />
186-->src\main\AndroidManifest.xml:145:17-47
186-->src\main\AndroidManifest.xml:145:23-44
187                <data android:host="*" />
187-->src\main\AndroidManifest.xml:145:17-47
187-->src\main\AndroidManifest.xml:177:23-39
188
189                <!--
190                     Work around Android's ugly primitive PatternMatcher
191                     implementation that can't cope with finding a . early in
192                     the path unless it's explicitly matched.
193                -->
194                <data android:pathPattern=".*\\.jar" />
194-->src\main\AndroidManifest.xml:145:17-47
194-->src\main\AndroidManifest.xml:184:23-53
195                <data android:pathPattern=".*\\..*\\.jar" />
195-->src\main\AndroidManifest.xml:145:17-47
195-->src\main\AndroidManifest.xml:184:23-53
196                <data android:pathPattern=".*\\..*\\..*\\.jar" />
196-->src\main\AndroidManifest.xml:145:17-47
196-->src\main\AndroidManifest.xml:184:23-53
197                <data android:pathPattern=".*\\..*\\..*\\..*\\.jar" />
197-->src\main\AndroidManifest.xml:145:17-47
197-->src\main\AndroidManifest.xml:184:23-53
198                <data android:pathPattern=".*\\..*\\..*\\..*\\..*\\.jar" />
198-->src\main\AndroidManifest.xml:145:17-47
198-->src\main\AndroidManifest.xml:184:23-53
199                <data android:pathPattern=".*\\..*\\..*\\..*\\..*\\..*\\.jar" />
199-->src\main\AndroidManifest.xml:145:17-47
199-->src\main\AndroidManifest.xml:184:23-53
200                <data android:pathPattern=".*\\..*\\..*\\..*\\..*\\..*\\..*\\.jar" />
200-->src\main\AndroidManifest.xml:145:17-47
200-->src\main\AndroidManifest.xml:184:23-53
201                <data android:pathPattern=".*\\.dex" />
201-->src\main\AndroidManifest.xml:145:17-47
201-->src\main\AndroidManifest.xml:184:23-53
202                <data android:pathPattern=".*\\..*\\.dex" />
202-->src\main\AndroidManifest.xml:145:17-47
202-->src\main\AndroidManifest.xml:184:23-53
203                <data android:pathPattern=".*\\..*\\..*\\.dex" />
203-->src\main\AndroidManifest.xml:145:17-47
203-->src\main\AndroidManifest.xml:184:23-53
204                <data android:pathPattern=".*\\..*\\..*\\..*\\.dex" />
204-->src\main\AndroidManifest.xml:145:17-47
204-->src\main\AndroidManifest.xml:184:23-53
205                <data android:pathPattern=".*\\..*\\..*\\..*\\..*\\.dex" />
205-->src\main\AndroidManifest.xml:145:17-47
205-->src\main\AndroidManifest.xml:184:23-53
206                <data android:pathPattern=".*\\..*\\..*\\..*\\..*\\..*\\.dex" />
206-->src\main\AndroidManifest.xml:145:17-47
206-->src\main\AndroidManifest.xml:184:23-53
207                <data android:pathPattern=".*\\..*\\..*\\..*\\..*\\..*\\..*\\.dex" />
207-->src\main\AndroidManifest.xml:145:17-47
207-->src\main\AndroidManifest.xml:184:23-53
208                <data android:pathPattern=".*\\.odex" />
208-->src\main\AndroidManifest.xml:145:17-47
208-->src\main\AndroidManifest.xml:184:23-53
209                <data android:pathPattern=".*\\..*\\.odex" />
209-->src\main\AndroidManifest.xml:145:17-47
209-->src\main\AndroidManifest.xml:184:23-53
210                <data android:pathPattern=".*\\..*\\..*\\.odex" />
210-->src\main\AndroidManifest.xml:145:17-47
210-->src\main\AndroidManifest.xml:184:23-53
211                <data android:pathPattern=".*\\..*\\..*\\..*\\.odex" />
211-->src\main\AndroidManifest.xml:145:17-47
211-->src\main\AndroidManifest.xml:184:23-53
212                <data android:pathPattern=".*\\..*\\..*\\..*\\..*\\.odex" />
212-->src\main\AndroidManifest.xml:145:17-47
212-->src\main\AndroidManifest.xml:184:23-53
213                <data android:pathPattern=".*\\..*\\..*\\..*\\..*\\..*\\.odex" />
213-->src\main\AndroidManifest.xml:145:17-47
213-->src\main\AndroidManifest.xml:184:23-53
214                <data android:pathPattern=".*\\..*\\..*\\..*\\..*\\..*\\..*\\.odex" />
214-->src\main\AndroidManifest.xml:145:17-47
214-->src\main\AndroidManifest.xml:184:23-53
215            </intent-filter>
216
217            <!--
218                 Capture file open requests (pathPattern is honoured) where a
219                 (possibly blank) MIME type is provided in the Intent.  This
220                 filter may only be necessary for supporting ES File Explorer,
221                 which has the probably buggy behaviour of using an Intent
222                 with a MIME type that is set but zero-length.  It's
223                 impossible to match such a type except by using a global
224                 wildcard.
225            -->
226            <intent-filter
226-->src\main\AndroidManifest.xml:216:13-254:29
227                android:icon="@mipmap/ic_launcher_round"
227-->src\main\AndroidManifest.xml:217:17-57
228                android:label="@string/appName"
228-->src\main\AndroidManifest.xml:218:17-48
229                android:priority="40" >
229-->src\main\AndroidManifest.xml:219:17-38
230                <action android:name="android.intent.action.VIEW" />
230-->src\main\AndroidManifest.xml:141:17-69
230-->src\main\AndroidManifest.xml:141:25-66
231
232                <category android:name="android.intent.category.DEFAULT" />
232-->src\main\AndroidManifest.xml:143:17-76
232-->src\main\AndroidManifest.xml:143:27-73
233
234                <data android:scheme="file" />
234-->src\main\AndroidManifest.xml:145:17-47
234-->src\main\AndroidManifest.xml:145:23-44
235                <data android:host="*" />
235-->src\main\AndroidManifest.xml:145:17-47
235-->src\main\AndroidManifest.xml:177:23-39
236                <data android:mimeType="*/*" />
236-->src\main\AndroidManifest.xml:145:17-47
236-->src\main\AndroidManifest.xml:146:23-81
237
238                <!--
239                     Work around Android's ugly primitive PatternMatcher
240                     implementation that can't cope with finding a . early in
241                     the path unless it's explicitly matched.
242                -->
243                <data android:pathPattern=".*\\.jar" />
243-->src\main\AndroidManifest.xml:145:17-47
243-->src\main\AndroidManifest.xml:184:23-53
244                <data android:pathPattern=".*\\..*\\.jar" />
244-->src\main\AndroidManifest.xml:145:17-47
244-->src\main\AndroidManifest.xml:184:23-53
245                <data android:pathPattern=".*\\..*\\..*\\.jar" />
245-->src\main\AndroidManifest.xml:145:17-47
245-->src\main\AndroidManifest.xml:184:23-53
246                <data android:pathPattern=".*\\..*\\..*\\..*\\.jar" />
246-->src\main\AndroidManifest.xml:145:17-47
246-->src\main\AndroidManifest.xml:184:23-53
247                <data android:pathPattern=".*\\..*\\..*\\..*\\..*\\.jar" />
247-->src\main\AndroidManifest.xml:145:17-47
247-->src\main\AndroidManifest.xml:184:23-53
248                <data android:pathPattern=".*\\..*\\..*\\..*\\..*\\..*\\.jar" />
248-->src\main\AndroidManifest.xml:145:17-47
248-->src\main\AndroidManifest.xml:184:23-53
249                <data android:pathPattern=".*\\..*\\..*\\..*\\..*\\..*\\..*\\.jar" />
249-->src\main\AndroidManifest.xml:145:17-47
249-->src\main\AndroidManifest.xml:184:23-53
250                <data android:pathPattern=".*\\.dex" />
250-->src\main\AndroidManifest.xml:145:17-47
250-->src\main\AndroidManifest.xml:184:23-53
251                <data android:pathPattern=".*\\..*\\.dex" />
251-->src\main\AndroidManifest.xml:145:17-47
251-->src\main\AndroidManifest.xml:184:23-53
252                <data android:pathPattern=".*\\..*\\..*\\.dex" />
252-->src\main\AndroidManifest.xml:145:17-47
252-->src\main\AndroidManifest.xml:184:23-53
253                <data android:pathPattern=".*\\..*\\..*\\..*\\.dex" />
253-->src\main\AndroidManifest.xml:145:17-47
253-->src\main\AndroidManifest.xml:184:23-53
254                <data android:pathPattern=".*\\..*\\..*\\..*\\..*\\.dex" />
254-->src\main\AndroidManifest.xml:145:17-47
254-->src\main\AndroidManifest.xml:184:23-53
255                <data android:pathPattern=".*\\..*\\..*\\..*\\..*\\..*\\.dex" />
255-->src\main\AndroidManifest.xml:145:17-47
255-->src\main\AndroidManifest.xml:184:23-53
256                <data android:pathPattern=".*\\..*\\..*\\..*\\..*\\..*\\..*\\.dex" />
256-->src\main\AndroidManifest.xml:145:17-47
256-->src\main\AndroidManifest.xml:184:23-53
257                <data android:pathPattern=".*\\.odex" />
257-->src\main\AndroidManifest.xml:145:17-47
257-->src\main\AndroidManifest.xml:184:23-53
258                <data android:pathPattern=".*\\..*\\.odex" />
258-->src\main\AndroidManifest.xml:145:17-47
258-->src\main\AndroidManifest.xml:184:23-53
259                <data android:pathPattern=".*\\..*\\..*\\.odex" />
259-->src\main\AndroidManifest.xml:145:17-47
259-->src\main\AndroidManifest.xml:184:23-53
260                <data android:pathPattern=".*\\..*\\..*\\..*\\.odex" />
260-->src\main\AndroidManifest.xml:145:17-47
260-->src\main\AndroidManifest.xml:184:23-53
261                <data android:pathPattern=".*\\..*\\..*\\..*\\..*\\.odex" />
261-->src\main\AndroidManifest.xml:145:17-47
261-->src\main\AndroidManifest.xml:184:23-53
262                <data android:pathPattern=".*\\..*\\..*\\..*\\..*\\..*\\.odex" />
262-->src\main\AndroidManifest.xml:145:17-47
262-->src\main\AndroidManifest.xml:184:23-53
263                <data android:pathPattern=".*\\..*\\..*\\..*\\..*\\..*\\..*\\.odex" />
263-->src\main\AndroidManifest.xml:145:17-47
263-->src\main\AndroidManifest.xml:184:23-53
264            </intent-filter>
265        </activity>
266
267        <provider
267-->[com.google.firebase:firebase-perf:19.1.1] AndroidManifest.xml:14:9-18:39
268            android:name="com.google.firebase.perf.provider.FirebasePerfProvider"
268-->[com.google.firebase:firebase-perf:19.1.1] AndroidManifest.xml:15:13-82
269            android:authorities="com.argonaut.sjrm.firebaseperfprovider"
269-->[com.google.firebase:firebase-perf:19.1.1] AndroidManifest.xml:16:13-72
270            android:exported="false"
270-->[com.google.firebase:firebase-perf:19.1.1] AndroidManifest.xml:17:13-37
271            android:initOrder="101" />
271-->[com.google.firebase:firebase-perf:19.1.1] AndroidManifest.xml:18:13-36
272
273        <service
273-->[com.google.firebase:firebase-perf:19.1.1] AndroidManifest.xml:20:9-26:19
274            android:name="com.google.firebase.components.ComponentDiscoveryService"
274-->[com.google.firebase:firebase-perf:19.1.1] AndroidManifest.xml:21:13-84
275            android:directBootAware="true"
275-->[com.google.firebase:firebase-common:19.5.0] AndroidManifest.xml:35:13-43
276            android:exported="false" >
276-->[com.google.firebase:firebase-perf:19.1.1] AndroidManifest.xml:22:13-37
277            <meta-data
277-->[com.google.firebase:firebase-perf:19.1.1] AndroidManifest.xml:23:13-25:85
278                android:name="com.google.firebase.components:com.google.firebase.perf.FirebasePerfRegistrar"
278-->[com.google.firebase:firebase-perf:19.1.1] AndroidManifest.xml:24:17-109
279                android:value="com.google.firebase.components.ComponentRegistrar" />
279-->[com.google.firebase:firebase-perf:19.1.1] AndroidManifest.xml:25:17-82
280            <meta-data
280-->[com.google.firebase:firebase-crashlytics:17.4.1] AndroidManifest.xml:18:13-20:85
281                android:name="com.google.firebase.components:com.google.firebase.crashlytics.CrashlyticsRegistrar"
281-->[com.google.firebase:firebase-crashlytics:17.4.1] AndroidManifest.xml:19:17-115
282                android:value="com.google.firebase.components.ComponentRegistrar" />
282-->[com.google.firebase:firebase-crashlytics:17.4.1] AndroidManifest.xml:20:17-82
283            <meta-data
283-->[com.google.firebase:firebase-config:20.0.2] AndroidManifest.xml:32:13-34:85
284                android:name="com.google.firebase.components:com.google.firebase.remoteconfig.RemoteConfigRegistrar"
284-->[com.google.firebase:firebase-config:20.0.2] AndroidManifest.xml:33:17-117
285                android:value="com.google.firebase.components.ComponentRegistrar" />
285-->[com.google.firebase:firebase-config:20.0.2] AndroidManifest.xml:34:17-82
286            <meta-data
286-->[com.google.firebase:firebase-datatransport:17.0.11] AndroidManifest.xml:28:13-30:85
287                android:name="com.google.firebase.components:com.google.firebase.datatransport.TransportRegistrar"
287-->[com.google.firebase:firebase-datatransport:17.0.11] AndroidManifest.xml:29:17-115
288                android:value="com.google.firebase.components.ComponentRegistrar" />
288-->[com.google.firebase:firebase-datatransport:17.0.11] AndroidManifest.xml:30:17-82
289            <meta-data
289-->[com.google.android.gms:play-services-measurement-api:18.0.2] AndroidManifest.xml:30:13-32:85
290                android:name="com.google.firebase.components:com.google.firebase.analytics.connector.internal.AnalyticsConnectorRegistrar"
290-->[com.google.android.gms:play-services-measurement-api:18.0.2] AndroidManifest.xml:31:17-139
291                android:value="com.google.firebase.components.ComponentRegistrar" />
291-->[com.google.android.gms:play-services-measurement-api:18.0.2] AndroidManifest.xml:32:17-82
292            <meta-data